{
"/home/charl/Workspace/WebstormProjects/angular-formly-templates-ionic/src/index.js":{"path":"/home/charl/Workspace/WebstormProjects/angular-formly-templates-ionic/src/index.js","s":{"1":1,"2":1,"3":2,"4":1,"5":1,"6":1,"7":1,"8":1,"9":1,"10":1,"11":1,"12":1,"13":1,"14":1,"15":1,"16":1,"17":1,"18":8,"19":1,"20":1,"21":1,"22":3,"23":1,"24":1},"b":{"1":[0,2],"2":[2,2]},"f":{"1":2,"2":1,"3":8,"4":1,"5":3},"fnMap":{"1":{"name":"_interopRequireDefault","line":7,"loc":{"start":{"line":7,"column":0},"end":{"line":7,"column":37}}},"2":{"name":"(anonymous_2)","line":36,"loc":{"start":{"line":34,"column":29},"end":{"line":34,"column":55}}},"3":{"name":"(anonymous_3)","line":40,"loc":{"start":{"line":38,"column":26},"end":{"line":38,"column":49}}},"4":{"name":"(anonymous_4)","line":44,"loc":{"start":{"line":42,"column":31},"end":{"line":42,"column":59}}},"5":{"name":"requireAll","line":48,"loc":{"start":{"line":46,"column":0},"end":{"line":46,"column":36}}}},"statementMap":{"1":{"start":{"line":3,"column":0},"end":{"line":5,"column":3}},"2":{"start":{"line":7,"column":0},"end":{"line":7,"column":97}},"3":{"start":{"line":7,"column":39},"end":{"line":7,"column":95}},"4":{"start":{"line":9,"column":0},"end":{"line":9,"column":43}},"5":{"start":{"line":11,"column":0},"end":{"line":11,"column":55}},"6":{"start":{"line":13,"column":0},"end":{"line":13,"column":37}},"7":{"start":{"line":15,"column":0},"end":{"line":15,"column":51}},"8":{"start":{"line":17,"column":0},"end":{"line":17,"column":33}},"9":{"start":{"line":19,"column":0},"end":{"line":19,"column":85}},"10":{"start":{"line":19,"column":86},"end":{"line":22,"column":89}},"11":{"start":{"line":23,"column":0},"end":{"line":23,"column":83}},"12":{"start":{"line":24,"column":0},"end":{"line":24,"column":93}},"13":{"start":{"line":26,"column":0},"end":{"line":30,"column":4}},"14":{"start":{"line":32,"column":0},"end":{"line":32,"column":49}},"15":{"start":{"line":34,"column":0},"end":{"line":36,"column":3}},"16":{"start":{"line":35,"column":2},"end":{"line":35,"column":27}},"17":{"start":{"line":38,"column":0},"end":{"line":40,"column":3}},"18":{"start":{"line":39,"column":2},"end":{"line":39,"column":24}},"19":{"start":{"line":42,"column":0},"end":{"line":44,"column":3}},"20":{"start":{"line":43,"column":2},"end":{"line":43,"column":29}},"21":{"start":{"line":46,"column":0},"end":{"line":48,"column":1}},"22":{"start":{"line":47,"column":2},"end":{"line":47,"column":51}},"23":{"start":{"line":50,"column":0},"end":{"line":50,"column":34}},"24":{"start":{"line":51,"column":0},"end":{"line":51,"column":36}}},"branchMap":{"1":{"line":8,"type":"cond-expr","locations":[{"start":{"line":7,"column":70},"end":{"line":7,"column":73}},{"start":{"line":7,"column":76},"end":{"line":7,"column":94}}]},"2":{"line":8,"type":"binary-expr","locations":[{"start":{"line":7,"column":46},"end":{"line":7,"column":49}},{"start":{"line":7,"column":53},"end":{"line":7,"column":67}}]}},"code":["'use strict';","","Object.defineProperty(exports, '__esModule', {","  value: true","});","","function _interopRequireDefault(obj) { return obj && obj.__esModule ? obj : { 'default': obj }; }","","var _angularFix = require('./angular-fix');","","var _angularFix2 = _interopRequireDefault(_angularFix);","","var _apiCheck = require('api-check');","","var _apiCheck2 = _interopRequireDefault(_apiCheck);","","var ngModuleName = 'formlyIonic';","","var ngModule = _angularFix2['default'].module(ngModuleName, ['formly', 'ngMessages']);","","//todo do something for this regex","var wrappers = require.context('./wrappers', true, /^[^.]+$|\\.(?!(spec.js)$)([^.js]+$)/);","var types = require.context('./types', true, /^[^.]+$|\\.(?!(spec.js)$)([^.js]+$)/);","var directives = require.context('./directives', true, /^[^.]+$|\\.(?!(spec.js)$)([^.js]+$)/);","","ngModule.constant('formlyIonicApiCheck', (0, _apiCheck2['default'])({","  output: {","    prefix: 'angular-formly-ionic'","  }","}));","","ngModule.constant('formlyIonicVersion', VERSION);","","requireAll(wrappers).forEach(function (wrapperFactory) {","  wrapperFactory(ngModule);","});","","requireAll(types).forEach(function (typeFactory) {","  typeFactory(ngModule);","});","","requireAll(directives).forEach(function (directiveFactory) {","  directiveFactory(ngModule);","});","","function requireAll(requireContext) {","  return requireContext.keys().map(requireContext);","}","","exports['default'] = ngModuleName;","module.exports = exports['default'];"],"l":{"3":1,"7":2,"9":1,"11":1,"13":1,"15":1,"17":1,"19":1,"23":1,"24":1,"26":1,"32":1,"34":1,"35":1,"38":1,"39":8,"42":1,"43":1,"46":1,"47":3,"50":1,"51":1}},
"/home/charl/Workspace/WebstormProjects/angular-formly-templates-ionic/src/angular-fix/index.js":{"path":"/home/charl/Workspace/WebstormProjects/angular-formly-templates-ionic/src/angular-fix/index.js","s":{"1":1,"2":1,"3":0,"4":1},"b":{"1":[0,1]},"f":{},"fnMap":{},"statementMap":{"1":{"start":{"line":5,"column":0},"end":{"line":5,"column":33}},"2":{"start":{"line":6,"column":0},"end":{"line":8,"column":1}},"3":{"start":{"line":7,"column":2},"end":{"line":7,"column":27}},"4":{"start":{"line":9,"column":0},"end":{"line":9,"column":25}}},"branchMap":{"1":{"line":6,"type":"if","locations":[{"start":{"line":6,"column":0},"end":{"line":6,"column":0}},{"start":{"line":6,"column":0},"end":{"line":6,"column":0}}]}},"code":["// some versions of angular don't export the angular module properly,","// so we get it from window in this case.","'use strict';","","var angular = require('angular');","if (!angular.version) {","  angular = window.angular;","}","module.exports = angular;"],"l":{"5":1,"6":1,"7":0,"9":1}},
"/home/charl/Workspace/WebstormProjects/angular-formly-templates-ionic/src/wrappers/ionInput.js":{"path":"/home/charl/Workspace/WebstormProjects/angular-formly-templates-ionic/src/wrappers/ionInput.js","s":{"1":1,"2":1,"3":1,"4":1,"5":1,"6":1,"7":0,"8":1},"b":{},"f":{"1":1,"2":1,"3":0},"fnMap":{"1":{"name":"(anonymous_1)","line":7,"loc":{"start":{"line":7,"column":21},"end":{"line":7,"column":41}}},"2":{"name":"addWrappers","line":12,"loc":{"start":{"line":12,"column":2},"end":{"line":12,"column":45}}},"3":{"name":"apiCheck","line":16,"loc":{"start":{"line":16,"column":16},"end":{"line":16,"column":41}}}},"statementMap":{"1":{"start":{"line":3,"column":0},"end":{"line":5,"column":3}},"2":{"start":{"line":7,"column":0},"end":{"line":27,"column":2}},"3":{"start":{"line":8,"column":2},"end":{"line":8,"column":31}},"4":{"start":{"line":10,"column":2},"end":{"line":10,"column":575}},"5":{"start":{"line":12,"column":2},"end":{"line":26,"column":3}},"6":{"start":{"line":13,"column":4},"end":{"line":25,"column":8}},"7":{"start":{"line":17,"column":8},"end":{"line":23,"column":10}},"8":{"start":{"line":29,"column":0},"end":{"line":29,"column":36}}},"branchMap":{},"code":["'use strict';","","Object.defineProperty(exports, '__esModule', {","  value: true","});","","exports['default'] = function (ngModule) {","  ngModule.config(addWrappers);","","  var template = '<ion-input class=\"item {{ to.inputClass }}\"\\n                               ng-class=\"{ \\'has-error\\' : options.formControl.$invalid  && options.formControl.$touched,\\n                                           \\'is-valid\\' : options.formControl.$valid  && options.formControl.$touched}\">\\n                      <i ng-if=\"::to.icon\" class=\"icon\" ng-class=\"::to.icon\"></i>\\n                      <ion-label ng-if=\"::to.label\" ng-bind=\"::to.label\"></ion-label>\\n                      <formly-transclude></formly-transclude>\\n                    </ion-input>';","","  function addWrappers(formlyConfigProvider) {","    formlyConfigProvider.setWrapper([{","      name: 'ionInput',","      template: template,","      apiCheck: function apiCheck(check) {","        return {","          templateOptions: {","            inputClass: check.string.optional,","            icon: check.string.optional,","            label: check.string.optional","          }","        };","      }","    }]);","  }","};","","module.exports = exports['default'];"],"l":{"3":1,"7":1,"8":1,"10":1,"12":1,"13":1,"17":0,"29":1}},
"/home/charl/Workspace/WebstormProjects/angular-formly-templates-ionic/src/types/checkbox.js":{"path":"/home/charl/Workspace/WebstormProjects/angular-formly-templates-ionic/src/types/checkbox.js","s":{"1":1,"2":1,"3":1,"4":1,"5":1,"6":1,"7":0,"8":1},"b":{},"f":{"1":1,"2":1,"3":0},"fnMap":{"1":{"name":"(anonymous_1)","line":7,"loc":{"start":{"line":7,"column":21},"end":{"line":7,"column":41}}},"2":{"name":"addCheckboxType","line":12,"loc":{"start":{"line":12,"column":2},"end":{"line":12,"column":49}}},"3":{"name":"apiCheck","line":17,"loc":{"start":{"line":17,"column":16},"end":{"line":17,"column":41}}}},"statementMap":{"1":{"start":{"line":3,"column":0},"end":{"line":5,"column":3}},"2":{"start":{"line":7,"column":0},"end":{"line":27,"column":2}},"3":{"start":{"line":8,"column":2},"end":{"line":8,"column":35}},"4":{"start":{"line":10,"column":2},"end":{"line":10,"column":163}},"5":{"start":{"line":12,"column":2},"end":{"line":26,"column":3}},"6":{"start":{"line":13,"column":4},"end":{"line":25,"column":7}},"7":{"start":{"line":18,"column":8},"end":{"line":23,"column":10}},"8":{"start":{"line":29,"column":0},"end":{"line":29,"column":36}}},"branchMap":{},"code":["'use strict';","","Object.defineProperty(exports, '__esModule', {","  value: true","});","","exports['default'] = function (ngModule) {","  ngModule.config(addCheckboxType);","","  var template = '<ion-checkbox ng-model=\"model[options.key]\" ng-checked=\"to.checked\">\\n                      {{ to.label }}\\n                    </ion-checkbox>';","","  function addCheckboxType(formlyConfigProvider) {","    formlyConfigProvider.setType({","      name: 'checkbox',","      template: template,","      wrapper: [],","      apiCheck: function apiCheck(check) {","        return {","          templateOptions: {","            label: check.string,","            checked: check.bool.optional","          }","        };","      }","    });","  }","};","","module.exports = exports['default'];"],"l":{"3":1,"7":1,"8":1,"10":1,"12":1,"13":1,"18":0,"29":1}},
"/home/charl/Workspace/WebstormProjects/angular-formly-templates-ionic/src/types/file.js":{"path":"/home/charl/Workspace/WebstormProjects/angular-formly-templates-ionic/src/types/file.js","s":{"1":1,"2":1,"3":1,"4":1,"5":1,"6":1,"7":0,"8":1},"b":{},"f":{"1":1,"2":1,"3":0},"fnMap":{"1":{"name":"(anonymous_1)","line":7,"loc":{"start":{"line":7,"column":21},"end":{"line":7,"column":41}}},"2":{"name":"addFileType","line":12,"loc":{"start":{"line":12,"column":2},"end":{"line":12,"column":45}}},"3":{"name":"apiCheck","line":17,"loc":{"start":{"line":17,"column":16},"end":{"line":17,"column":41}}}},"statementMap":{"1":{"start":{"line":3,"column":0},"end":{"line":5,"column":3}},"2":{"start":{"line":7,"column":0},"end":{"line":26,"column":2}},"3":{"start":{"line":8,"column":2},"end":{"line":8,"column":31}},"4":{"start":{"line":10,"column":2},"end":{"line":10,"column":110}},"5":{"start":{"line":12,"column":2},"end":{"line":25,"column":3}},"6":{"start":{"line":13,"column":4},"end":{"line":24,"column":7}},"7":{"start":{"line":18,"column":8},"end":{"line":22,"column":10}},"8":{"start":{"line":28,"column":0},"end":{"line":28,"column":36}}},"branchMap":{},"code":["'use strict';","","Object.defineProperty(exports, '__esModule', {","  value: true","});","","exports['default'] = function (ngModule) {","  ngModule.config(addFileType);","","  var template = '<input type=\"file\" ng-model=\"model[options.key]\" accept=\"{{ ::to.accept }}\"  file-reader/>';","","  function addFileType(formlyConfigProvider) {","    formlyConfigProvider.setType({","      name: 'file',","      template: template,","      wrapper: ['ionInput'],","      apiCheck: function apiCheck(check) {","        return {","          templateOptions: {","            accept: check.string.optional","          }","        };","      }","    });","  }","};","","module.exports = exports['default'];"],"l":{"3":1,"7":1,"8":1,"10":1,"12":1,"13":1,"18":0,"28":1}},
"/home/charl/Workspace/WebstormProjects/angular-formly-templates-ionic/src/types/input.js":{"path":"/home/charl/Workspace/WebstormProjects/angular-formly-templates-ionic/src/types/input.js","s":{"1":1,"2":1,"3":1,"4":1,"5":1,"6":1,"7":0,"8":1},"b":{},"f":{"1":1,"2":1,"3":0},"fnMap":{"1":{"name":"(anonymous_1)","line":7,"loc":{"start":{"line":7,"column":21},"end":{"line":7,"column":41}}},"2":{"name":"addInputType","line":12,"loc":{"start":{"line":12,"column":2},"end":{"line":12,"column":46}}},"3":{"name":"apiCheck","line":17,"loc":{"start":{"line":17,"column":16},"end":{"line":17,"column":41}}}},"statementMap":{"1":{"start":{"line":3,"column":0},"end":{"line":5,"column":3}},"2":{"start":{"line":7,"column":0},"end":{"line":26,"column":2}},"3":{"start":{"line":8,"column":2},"end":{"line":8,"column":32}},"4":{"start":{"line":10,"column":2},"end":{"line":10,"column":79}},"5":{"start":{"line":12,"column":2},"end":{"line":25,"column":3}},"6":{"start":{"line":13,"column":4},"end":{"line":24,"column":7}},"7":{"start":{"line":18,"column":8},"end":{"line":22,"column":10}},"8":{"start":{"line":28,"column":0},"end":{"line":28,"column":36}}},"branchMap":{},"code":["'use strict';","","Object.defineProperty(exports, '__esModule', {","  value: true","});","","exports['default'] = function (ngModule) {","  ngModule.config(addInputType);","","  var template = '<input type=\"{{::to.type}}\" ng-model=\"model[options.key]\"/>';","","  function addInputType(formlyConfigProvider) {","    formlyConfigProvider.setType({","      name: 'input',","      template: template,","      wrapper: ['ionInput'],","      apiCheck: function apiCheck(check) {","        return {","          templateOptions: {","            type: check.string","          }","        };","      }","    });","  }","};","","module.exports = exports['default'];"],"l":{"3":1,"7":1,"8":1,"10":1,"12":1,"13":1,"18":0,"28":1}},
"/home/charl/Workspace/WebstormProjects/angular-formly-templates-ionic/src/types/multiCheckbox.js":{"path":"/home/charl/Workspace/WebstormProjects/angular-formly-templates-ionic/src/types/multiCheckbox.js","s":{"1":1,"2":1,"3":1,"4":1,"5":1,"6":1,"7":1,"8":1,"9":1,"10":1,"11":0,"12":0,"13":0,"14":0,"15":0,"16":0,"17":0,"18":0,"19":0,"20":0,"21":0,"22":0,"23":0,"24":1,"25":0,"26":0,"27":0,"28":0,"29":1,"30":0,"31":0,"32":0,"33":0,"34":0,"35":0,"36":0,"37":0,"38":0,"39":0,"40":0,"41":0,"42":0,"43":0,"44":0,"45":0,"46":0,"47":1},"b":{"1":[0,1],"2":[1,1],"3":[0,0],"4":[0,0],"5":[0,0,0],"6":[0,0],"7":[0,0],"8":[0,0,0],"9":[0,0],"10":[0,0],"11":[0,0],"12":[0,0],"13":[0,0],"14":[0,0]},"f":{"1":1,"2":1,"3":1,"4":0,"5":0,"6":0,"7":0,"8":0,"9":0,"10":0,"11":0,"12":0,"13":0,"14":0},"fnMap":{"1":{"name":"_interopRequireDefault","line":7,"loc":{"start":{"line":7,"column":0},"end":{"line":7,"column":37}}},"2":{"name":"(anonymous_2)","line":15,"loc":{"start":{"line":13,"column":21},"end":{"line":13,"column":41}}},"3":{"name":"addCheckboxType","line":20,"loc":{"start":{"line":18,"column":2},"end":{"line":18,"column":49}}},"4":{"name":"apiCheck","line":25,"loc":{"start":{"line":23,"column":16},"end":{"line":23,"column":41}}},"5":{"name":"controller","line":34,"loc":{"start":{"line":32,"column":33},"end":{"line":32,"column":61}}},"6":{"name":"modelWatcher","line":43,"loc":{"start":{"line":41,"column":31},"end":{"line":41,"column":68}}},"7":{"name":"optionsWatcher","line":50,"loc":{"start":{"line":48,"column":40},"end":{"line":48,"column":82}}},"8":{"name":"checkValidity","line":61,"loc":{"start":{"line":59,"column":8},"end":{"line":59,"column":48}}},"9":{"name":"setModel","line":71,"loc":{"start":{"line":69,"column":8},"end":{"line":69,"column":28}}},"10":{"name":"(anonymous_10)","line":73,"loc":{"start":{"line":71,"column":72},"end":{"line":71,"column":99}}},"11":{"name":"(anonymous_11)","line":85,"loc":{"start":{"line":83,"column":24},"end":{"line":83,"column":36}}},"12":{"name":"(anonymous_12)","line":87,"loc":{"start":{"line":85,"column":13},"end":{"line":85,"column":33}}},"13":{"name":"(anonymous_13)","line":93,"loc":{"start":{"line":91,"column":11},"end":{"line":91,"column":23}}},"14":{"name":"(anonymous_14)","line":94,"loc":{"start":{"line":92,"column":57},"end":{"line":92,"column":77}}}},"statementMap":{"1":{"start":{"line":3,"column":0},"end":{"line":5,"column":3}},"2":{"start":{"line":7,"column":0},"end":{"line":7,"column":97}},"3":{"start":{"line":7,"column":39},"end":{"line":7,"column":95}},"4":{"start":{"line":9,"column":0},"end":{"line":9,"column":44}},"5":{"start":{"line":11,"column":0},"end":{"line":11,"column":55}},"6":{"start":{"line":13,"column":0},"end":{"line":104,"column":2}},"7":{"start":{"line":14,"column":2},"end":{"line":14,"column":35}},"8":{"start":{"line":16,"column":2},"end":{"line":16,"column":325}},"9":{"start":{"line":18,"column":2},"end":{"line":103,"column":3}},"10":{"start":{"line":19,"column":4},"end":{"line":102,"column":7}},"11":{"start":{"line":24,"column":8},"end":{"line":30,"column":10}},"12":{"start":{"line":33,"column":8},"end":{"line":33,"column":27}},"13":{"start":{"line":34,"column":8},"end":{"line":34,"column":34}},"14":{"start":{"line":35,"column":8},"end":{"line":38,"column":9}},"15":{"start":{"line":38,"column":10},"end":{"line":57,"column":17}},"16":{"start":{"line":42,"column":10},"end":{"line":43,"column":36}},"17":{"start":{"line":45,"column":10},"end":{"line":56,"column":11}},"18":{"start":{"line":46,"column":12},"end":{"line":46,"column":49}},"19":{"start":{"line":48,"column":12},"end":{"line":55,"column":15}},"20":{"start":{"line":49,"column":14},"end":{"line":54,"column":15}},"21":{"start":{"line":50,"column":16},"end":{"line":50,"column":52}},"22":{"start":{"line":51,"column":16},"end":{"line":53,"column":17}},"23":{"start":{"line":52,"column":18},"end":{"line":52,"column":118}},"24":{"start":{"line":59,"column":8},"end":{"line":67,"column":9}},"25":{"start":{"line":60,"column":10},"end":{"line":60,"column":32}},"26":{"start":{"line":62,"column":10},"end":{"line":66,"column":11}},"27":{"start":{"line":63,"column":12},"end":{"line":63,"column":132}},"28":{"start":{"line":65,"column":12},"end":{"line":65,"column":54}},"29":{"start":{"line":69,"column":8},"end":{"line":80,"column":9}},"30":{"start":{"line":70,"column":10},"end":{"line":70,"column":38}},"31":{"start":{"line":71,"column":10},"end":{"line":75,"column":12}},"32":{"start":{"line":72,"column":12},"end":{"line":74,"column":13}},"33":{"start":{"line":73,"column":14},"end":{"line":73,"column":86}},"34":{"start":{"line":75,"column":13},"end":{"line":78,"column":34}},"35":{"start":{"line":79,"column":10},"end":{"line":79,"column":30}},"36":{"start":{"line":82,"column":8},"end":{"line":88,"column":9}},"37":{"start":{"line":83,"column":10},"end":{"line":87,"column":13}},"38":{"start":{"line":84,"column":12},"end":{"line":84,"column":38}},"39":{"start":{"line":86,"column":12},"end":{"line":86,"column":36}},"40":{"start":{"line":90,"column":8},"end":{"line":100,"column":9}},"41":{"start":{"line":91,"column":10},"end":{"line":99,"column":15}},"42":{"start":{"line":92,"column":12},"end":{"line":98,"column":15}},"43":{"start":{"line":93,"column":14},"end":{"line":95,"column":15}},"44":{"start":{"line":94,"column":16},"end":{"line":94,"column":23}},"45":{"start":{"line":96,"column":14},"end":{"line":96,"column":34}},"46":{"start":{"line":97,"column":14},"end":{"line":97,"column":35}},"47":{"start":{"line":106,"column":0},"end":{"line":106,"column":36}}},"branchMap":{"1":{"line":8,"type":"cond-expr","locations":[{"start":{"line":7,"column":70},"end":{"line":7,"column":73}},{"start":{"line":7,"column":76},"end":{"line":7,"column":94}}]},"2":{"line":8,"type":"binary-expr","locations":[{"start":{"line":7,"column":46},"end":{"line":7,"column":49}},{"start":{"line":7,"column":53},"end":{"line":7,"column":67}}]},"3":{"line":47,"type":"if","locations":[{"start":{"line":45,"column":10},"end":{"line":45,"column":10}},{"start":{"line":45,"column":10},"end":{"line":45,"column":10}}]},"4":{"line":51,"type":"if","locations":[{"start":{"line":49,"column":14},"end":{"line":49,"column":14}},{"start":{"line":49,"column":14},"end":{"line":49,"column":14}}]},"5":{"line":51,"type":"binary-expr","locations":[{"start":{"line":49,"column":18},"end":{"line":49,"column":34}},{"start":{"line":49,"column":38},"end":{"line":49,"column":69}},{"start":{"line":49,"column":73},"end":{"line":49,"column":98}}]},"6":{"line":52,"type":"binary-expr","locations":[{"start":{"line":50,"column":28},"end":{"line":50,"column":40}},{"start":{"line":50,"column":44},"end":{"line":50,"column":51}}]},"7":{"line":64,"type":"if","locations":[{"start":{"line":62,"column":10},"end":{"line":62,"column":10}},{"start":{"line":62,"column":10},"end":{"line":62,"column":10}}]},"8":{"line":65,"type":"binary-expr","locations":[{"start":{"line":63,"column":20},"end":{"line":63,"column":75}},{"start":{"line":63,"column":79},"end":{"line":63,"column":112}},{"start":{"line":63,"column":116},"end":{"line":63,"column":131}}]},"9":{"line":74,"type":"if","locations":[{"start":{"line":72,"column":12},"end":{"line":72,"column":12}},{"start":{"line":72,"column":12},"end":{"line":72,"column":12}}]},"10":{"line":75,"type":"binary-expr","locations":[{"start":{"line":73,"column":60},"end":{"line":73,"column":72}},{"start":{"line":73,"column":76},"end":{"line":73,"column":83}}]},"11":{"line":84,"type":"if","locations":[{"start":{"line":82,"column":8},"end":{"line":82,"column":8}},{"start":{"line":82,"column":8},"end":{"line":82,"column":8}}]},"12":{"line":84,"type":"binary-expr","locations":[{"start":{"line":82,"column":12},"end":{"line":82,"column":37}},{"start":{"line":82,"column":41},"end":{"line":82,"column":94}}]},"13":{"line":92,"type":"if","locations":[{"start":{"line":90,"column":8},"end":{"line":90,"column":8}},{"start":{"line":90,"column":8},"end":{"line":90,"column":8}}]},"14":{"line":95,"type":"if","locations":[{"start":{"line":93,"column":14},"end":{"line":93,"column":14}},{"start":{"line":93,"column":14},"end":{"line":93,"column":14}}]}},"code":["'use strict';","","Object.defineProperty(exports, '__esModule', {","  value: true","});","","function _interopRequireDefault(obj) { return obj && obj.__esModule ? obj : { 'default': obj }; }","","var _angularFix = require('../angular-fix');","","var _angularFix2 = _interopRequireDefault(_angularFix);","","exports['default'] = function (ngModule) {","  ngModule.config(addCheckboxType);","","  var template = '<ion-checkbox ng-repeat=\"(key, option) in to.options\"\\n                                    ng-model=\"multiCheckbox.checked[$index]\"\\n                                    ng-change=\"multiCheckbox.change()\">\\n                        {{option[to.labelProp || \\'name\\']}}\\n                      </ion-checkbox>';","","  function addCheckboxType(formlyConfigProvider) {","    formlyConfigProvider.setType({","      name: 'multiCheckbox',","      template: template,","      wrapper: ['ionList'],","      apiCheck: function apiCheck(check) {","        return {","          templateOptions: {","            options: check.arrayOf(check.object),","            labelProp: check.string.optional,","            valueProp: check.string.optional","          }","        };","      },","      controller: /* @ngInject */function controller($scope) {","        var to = $scope.to;","        var opts = $scope.options;","        $scope.multiCheckbox = {","          checked: [],","          change: setModel","        };","","        // initialize the checkboxes check property","        $scope.$watch('model', function modelWatcher(newModelValue) {","          var modelValue = undefined,","              valueProp = undefined;","","          if (Object.keys(newModelValue).length) {","            modelValue = newModelValue[opts.key];","","            $scope.$watch('to.options', function optionsWatcher(newOptionsValues) {","              if (newOptionsValues && Array.isArray(newOptionsValues) && Array.isArray(modelValue)) {","                valueProp = to.valueProp || 'value';","                for (var index = 0; index < newOptionsValues.length; index++) {","                  $scope.multiCheckbox.checked[index] = modelValue.indexOf(newOptionsValues[index][valueProp]) !== -1;","                }","              }","            });","          }","        }, true);","","        function checkValidity(expressionValue) {","          var valid = undefined;","","          if ($scope.to.required) {","            valid = _angularFix2['default'].isArray($scope.model[opts.key]) && $scope.model[opts.key].length > 0 && expressionValue;","","            $scope.fc.$setValidity('required', valid);","          }","        }","","        function setModel() {","          $scope.model[opts.key] = [];","          _angularFix2['default'].forEach($scope.multiCheckbox.checked, function (checkbox, index) {","            if (checkbox) {","              $scope.model[opts.key].push(to.options[index][to.valueProp || 'value']);","            }","          });","","          // Must make sure we mark as touched because only the last checkbox due to a bug in angular.","          $scope.fc.$setTouched();","          checkValidity(true);","        }","","        if (opts.expressionProperties && opts.expressionProperties['templateOptions.required']) {","          $scope.$watch(function () {","            return $scope.to.required;","          }, function (newValue) {","            checkValidity(newValue);","          });","        }","","        if ($scope.to.required) {","          (function () {","            var unwatchFormControl = $scope.$watch('fc', function (newValue) {","              if (!newValue) {","                return;","              }","              checkValidity(true);","              unwatchFormControl();","            });","          })();","        }","      }","    });","  }","};","","module.exports = exports['default'];"],"l":{"3":1,"7":1,"9":1,"11":1,"13":1,"14":1,"16":1,"18":1,"19":1,"24":0,"33":0,"34":0,"35":0,"38":0,"42":0,"45":0,"46":0,"48":0,"49":0,"50":0,"51":0,"52":0,"59":1,"60":0,"62":0,"63":0,"65":0,"69":1,"70":0,"71":0,"72":0,"73":0,"75":0,"79":0,"82":0,"83":0,"84":0,"86":0,"90":0,"91":0,"92":0,"93":0,"94":0,"96":0,"97":0,"106":1}},
"/home/charl/Workspace/WebstormProjects/angular-formly-templates-ionic/src/types/radio.js":{"path":"/home/charl/Workspace/WebstormProjects/angular-formly-templates-ionic/src/types/radio.js","s":{"1":1,"2":1,"3":1,"4":1,"5":1,"6":1,"7":0,"8":1},"b":{},"f":{"1":1,"2":1,"3":0},"fnMap":{"1":{"name":"(anonymous_1)","line":7,"loc":{"start":{"line":7,"column":21},"end":{"line":7,"column":41}}},"2":{"name":"addRadioType","line":12,"loc":{"start":{"line":12,"column":2},"end":{"line":12,"column":46}}},"3":{"name":"apiCheck","line":17,"loc":{"start":{"line":17,"column":16},"end":{"line":17,"column":41}}}},"statementMap":{"1":{"start":{"line":3,"column":0},"end":{"line":5,"column":3}},"2":{"start":{"line":7,"column":0},"end":{"line":29,"column":2}},"3":{"start":{"line":8,"column":2},"end":{"line":8,"column":32}},"4":{"start":{"line":10,"column":2},"end":{"line":10,"column":351}},"5":{"start":{"line":12,"column":2},"end":{"line":28,"column":3}},"6":{"start":{"line":13,"column":4},"end":{"line":27,"column":7}},"7":{"start":{"line":18,"column":8},"end":{"line":25,"column":10}},"8":{"start":{"line":31,"column":0},"end":{"line":31,"column":36}}},"branchMap":{},"code":["'use strict';","","Object.defineProperty(exports, '__esModule', {","  value: true","});","","exports['default'] = function (ngModule) {","  ngModule.config(addRadioType);","","  var template = '<ion-radio ng-repeat=\"(key, option) in ::to.options\"\\n                                 ng-value=\"option[to.valueProp || \\'value\\']\"\\n                                 ng-model=\"model[options.key]\"\\n                                 icon=\"{{::to.icon}}\">\\n                        {{::option.title}}\\n                      </ion-radio>';","","  function addRadioType(formlyConfigProvider) {","    formlyConfigProvider.setType({","      name: 'radio',","      template: template,","      wrapper: ['ionList'],","      apiCheck: function apiCheck(check) {","        return {","          templateOptions: {","            options: check.arrayOf(check.object),","            labelProp: check.string.optional,","            valueProp: check.string.optional,","            icon: check.string.optional","          }","        };","      }","    });","  }","};","","module.exports = exports['default'];"],"l":{"3":1,"7":1,"8":1,"10":1,"12":1,"13":1,"18":0,"31":1}},
"/home/charl/Workspace/WebstormProjects/angular-formly-templates-ionic/src/types/range.js":{"path":"/home/charl/Workspace/WebstormProjects/angular-formly-templates-ionic/src/types/range.js","s":{"1":1,"2":1,"3":1,"4":1,"5":1,"6":1,"7":0,"8":1},"b":{},"f":{"1":1,"2":1,"3":0},"fnMap":{"1":{"name":"(anonymous_1)","line":7,"loc":{"start":{"line":7,"column":21},"end":{"line":7,"column":41}}},"2":{"name":"addInputType","line":12,"loc":{"start":{"line":12,"column":2},"end":{"line":12,"column":46}}},"3":{"name":"apiCheck","line":17,"loc":{"start":{"line":17,"column":16},"end":{"line":17,"column":41}}}},"statementMap":{"1":{"start":{"line":3,"column":0},"end":{"line":5,"column":3}},"2":{"start":{"line":7,"column":0},"end":{"line":27,"column":2}},"3":{"start":{"line":8,"column":2},"end":{"line":8,"column":32}},"4":{"start":{"line":10,"column":2},"end":{"line":10,"column":253}},"5":{"start":{"line":12,"column":2},"end":{"line":26,"column":3}},"6":{"start":{"line":13,"column":4},"end":{"line":25,"column":7}},"7":{"start":{"line":18,"column":8},"end":{"line":23,"column":10}},"8":{"start":{"line":29,"column":0},"end":{"line":29,"column":36}}},"branchMap":{},"code":["'use strict';","","Object.defineProperty(exports, '__esModule', {","  value: true","});","","exports['default'] = function (ngModule) {","  ngModule.config(addInputType);","","  var template = '<i class=\"icon\" ng-if=\"::to.iconLeft\" ng-class=\"::to.iconLeft\"></i>\\n                      <input type=\"range\" ng-model=\"model[options.key]\"/>\\n                    <i class=\"icon\" ng-if=\"::to.iconRight\" ng-class=\"::to.iconRight\"></i>';","","  function addInputType(formlyConfigProvider) {","    formlyConfigProvider.setType({","      name: 'range',","      template: template,","      wrapper: ['ionInput'],","      apiCheck: function apiCheck(check) {","        return {","          templateOptions: {","            iconLeft: check.string.optional,","            iconRight: check.string.optional","          }","        };","      }","    });","  }","};","","module.exports = exports['default'];"],"l":{"3":1,"7":1,"8":1,"10":1,"12":1,"13":1,"18":0,"29":1}},
"/home/charl/Workspace/WebstormProjects/angular-formly-templates-ionic/src/types/textarea.js":{"path":"/home/charl/Workspace/WebstormProjects/angular-formly-templates-ionic/src/types/textarea.js","s":{"1":1,"2":1,"3":1,"4":1,"5":1,"6":1,"7":0,"8":1},"b":{},"f":{"1":1,"2":1,"3":0},"fnMap":{"1":{"name":"(anonymous_1)","line":7,"loc":{"start":{"line":7,"column":21},"end":{"line":7,"column":41}}},"2":{"name":"addTextareaType","line":12,"loc":{"start":{"line":12,"column":2},"end":{"line":12,"column":49}}},"3":{"name":"apiCheck","line":22,"loc":{"start":{"line":22,"column":16},"end":{"line":22,"column":41}}}},"statementMap":{"1":{"start":{"line":3,"column":0},"end":{"line":5,"column":3}},"2":{"start":{"line":7,"column":0},"end":{"line":32,"column":2}},"3":{"start":{"line":8,"column":2},"end":{"line":8,"column":35}},"4":{"start":{"line":10,"column":2},"end":{"line":10,"column":153}},"5":{"start":{"line":12,"column":2},"end":{"line":31,"column":3}},"6":{"start":{"line":13,"column":4},"end":{"line":30,"column":7}},"7":{"start":{"line":23,"column":8},"end":{"line":28,"column":10}},"8":{"start":{"line":34,"column":0},"end":{"line":34,"column":36}}},"branchMap":{},"code":["'use strict';","","Object.defineProperty(exports, '__esModule', {","  value: true","});","","exports['default'] = function (ngModule) {","  ngModule.config(addTextareaType);","","  var template = '<textarea style=\"width:100%\" ng-class=\"::{\\'no-resize\\': !to.resize}\" ng-model=\"model[options.key]\">\\n                    </textarea>';","","  function addTextareaType(formlyConfigProvider) {","    formlyConfigProvider.setType({","      name: 'textarea',","      template: template,","      wrapper: ['ionInput'],","      defaultOptions: {","        ngModelAttrs: {","          rows: { attribute: 'rows' }","        }","      },","      apiCheck: function apiCheck(check) {","        return {","          templateOptions: {","            rows: check.number.optional,","            resize: check.bool.optional","          }","        };","      }","    });","  }","};","","module.exports = exports['default'];"],"l":{"3":1,"7":1,"8":1,"10":1,"12":1,"13":1,"23":0,"34":1}},
"/home/charl/Workspace/WebstormProjects/angular-formly-templates-ionic/src/types/toggle.js":{"path":"/home/charl/Workspace/WebstormProjects/angular-formly-templates-ionic/src/types/toggle.js","s":{"1":1,"2":1,"3":1,"4":1,"5":1,"6":1,"7":0,"8":1},"b":{},"f":{"1":1,"2":1,"3":0},"fnMap":{"1":{"name":"(anonymous_1)","line":7,"loc":{"start":{"line":7,"column":21},"end":{"line":7,"column":41}}},"2":{"name":"addRadioType","line":12,"loc":{"start":{"line":12,"column":2},"end":{"line":12,"column":46}}},"3":{"name":"apiCheck","line":19,"loc":{"start":{"line":19,"column":16},"end":{"line":19,"column":41}}}},"statementMap":{"1":{"start":{"line":3,"column":0},"end":{"line":5,"column":3}},"2":{"start":{"line":7,"column":0},"end":{"line":29,"column":2}},"3":{"start":{"line":8,"column":2},"end":{"line":8,"column":32}},"4":{"start":{"line":10,"column":2},"end":{"line":10,"column":177}},"5":{"start":{"line":12,"column":2},"end":{"line":28,"column":3}},"6":{"start":{"line":13,"column":4},"end":{"line":27,"column":7}},"7":{"start":{"line":20,"column":8},"end":{"line":25,"column":10}},"8":{"start":{"line":31,"column":0},"end":{"line":31,"column":36}}},"branchMap":{},"code":["'use strict';","","Object.defineProperty(exports, '__esModule', {","  value: true","});","","exports['default'] = function (ngModule) {","  ngModule.config(addRadioType);","","  var template = '<ion-toggle ng-model=\"model[options.key]\" toggle-class=\"\\'toggle-\\'+{{to.theme}}\">\\n                      {{ ::to.label }}\\n                    </ion-toggle>';","","  function addRadioType(formlyConfigProvider) {","    formlyConfigProvider.setType({","      name: 'toggle',","      template: template,","      defaultOptions: {","        noFormControl: false","      },","      apiCheck: function apiCheck(check) {","        return {","          templateOptions: {","            label: check.string,","            theme: check.string.optional","          }","        };","      }","    });","  }","};","","module.exports = exports['default'];"],"l":{"3":1,"7":1,"8":1,"10":1,"12":1,"13":1,"20":0,"31":1}},
"/home/charl/Workspace/WebstormProjects/angular-formly-templates-ionic/src/directives/fileReader.js":{"path":"/home/charl/Workspace/WebstormProjects/angular-formly-templates-ionic/src/directives/fileReader.js","s":{"1":1,"2":1,"3":1,"4":1,"5":1,"6":1,"7":1,"8":1,"9":1,"10":0,"11":1,"12":1,"13":1,"14":1,"15":0,"16":1,"17":1,"18":1,"19":0,"20":0,"21":0,"22":1,"23":1,"24":1,"25":1,"26":0,"27":1,"28":0,"29":1,"30":1},"b":{"1":[1,0],"2":[0,1],"3":[0,0],"4":[0,0]},"f":{"1":1,"2":1,"3":1,"4":1,"5":0,"6":1,"7":0,"8":1,"9":1,"10":0,"11":0},"fnMap":{"1":{"name":"(anonymous_1)","line":7,"loc":{"start":{"line":7,"column":21},"end":{"line":7,"column":41}}},"2":{"name":"fileReaderDirective","line":15,"loc":{"start":{"line":15,"column":2},"end":{"line":15,"column":44}}},"3":{"name":"link","line":21,"loc":{"start":{"line":21,"column":12},"end":{"line":21,"column":58}}},"4":{"name":"(anonymous_4)","line":24,"loc":{"start":{"line":24,"column":26},"end":{"line":24,"column":38}}},"5":{"name":"(anonymous_5)","line":30,"loc":{"start":{"line":30,"column":30},"end":{"line":30,"column":42}}},"6":{"name":"onNewFiles","line":34,"loc":{"start":{"line":34,"column":8},"end":{"line":34,"column":31}}},"7":{"name":"(anonymous_7)","line":37,"loc":{"start":{"line":37,"column":73},"end":{"line":37,"column":91}}},"8":{"name":"readFile","line":46,"loc":{"start":{"line":46,"column":8},"end":{"line":46,"column":32}}},"9":{"name":"(anonymous_9)","line":47,"loc":{"start":{"line":47,"column":20},"end":{"line":47,"column":47}}},"10":{"name":"(anonymous_10)","line":49,"loc":{"start":{"line":49,"column":44},"end":{"line":49,"column":57}}},"11":{"name":"(anonymous_11)","line":53,"loc":{"start":{"line":53,"column":45},"end":{"line":53,"column":58}}}},"statementMap":{"1":{"start":{"line":3,"column":0},"end":{"line":5,"column":3}},"2":{"start":{"line":7,"column":0},"end":{"line":63,"column":2}},"3":{"start":{"line":9,"column":2},"end":{"line":9,"column":56}},"4":{"start":{"line":11,"column":2},"end":{"line":13,"column":3}},"5":{"start":{"line":12,"column":4},"end":{"line":12,"column":33}},"6":{"start":{"line":15,"column":2},"end":{"line":62,"column":3}},"7":{"start":{"line":16,"column":4},"end":{"line":16,"column":38}},"8":{"start":{"line":18,"column":4},"end":{"line":61,"column":6}},"9":{"start":{"line":22,"column":8},"end":{"line":22,"column":29}},"10":{"start":{"line":22,"column":22},"end":{"line":22,"column":29}},"11":{"start":{"line":24,"column":8},"end":{"line":24,"column":41}},"12":{"start":{"line":26,"column":8},"end":{"line":26,"column":38}},"13":{"start":{"line":28,"column":8},"end":{"line":28,"column":43}},"14":{"start":{"line":30,"column":8},"end":{"line":32,"column":11}},"15":{"start":{"line":31,"column":10},"end":{"line":31,"column":47}},"16":{"start":{"line":34,"column":8},"end":{"line":44,"column":9}},"17":{"start":{"line":35,"column":10},"end":{"line":35,"column":33}},"18":{"start":{"line":37,"column":10},"end":{"line":43,"column":13}},"19":{"start":{"line":38,"column":12},"end":{"line":42,"column":13}},"20":{"start":{"line":39,"column":14},"end":{"line":39,"column":44}},"21":{"start":{"line":41,"column":14},"end":{"line":41,"column":70}},"22":{"start":{"line":46,"column":8},"end":{"line":59,"column":9}},"23":{"start":{"line":47,"column":10},"end":{"line":58,"column":13}},"24":{"start":{"line":48,"column":12},"end":{"line":48,"column":50}},"25":{"start":{"line":49,"column":12},"end":{"line":51,"column":15}},"26":{"start":{"line":50,"column":14},"end":{"line":50,"column":39}},"27":{"start":{"line":53,"column":12},"end":{"line":55,"column":15}},"28":{"start":{"line":54,"column":14},"end":{"line":54,"column":24}},"29":{"start":{"line":57,"column":12},"end":{"line":57,"column":39}},"30":{"start":{"line":65,"column":0},"end":{"line":65,"column":36}}},"branchMap":{"1":{"line":11,"type":"if","locations":[{"start":{"line":11,"column":2},"end":{"line":11,"column":2}},{"start":{"line":11,"column":2},"end":{"line":11,"column":2}}]},"2":{"line":22,"type":"if","locations":[{"start":{"line":22,"column":8},"end":{"line":22,"column":8}},{"start":{"line":22,"column":8},"end":{"line":22,"column":8}}]},"3":{"line":38,"type":"if","locations":[{"start":{"line":38,"column":12},"end":{"line":38,"column":12}},{"start":{"line":38,"column":12},"end":{"line":38,"column":12}}]},"4":{"line":41,"type":"cond-expr","locations":[{"start":{"line":41,"column":52},"end":{"line":41,"column":61}},{"start":{"line":41,"column":64},"end":{"line":41,"column":68}}]}},"code":["'use strict';","","Object.defineProperty(exports, '__esModule', {","  value: true","});","","exports['default'] = function (ngModule) {","","  ngModule.directive('fileReader', fileReaderDirective);","","  if (process.env.NODE_ENV === 'test') {","    require('./fileReader.spec');","  }","","  function fileReaderDirective($q, $window) {","    var slice = Array.prototype.slice;","","    return {","      restrict: 'A',","      require: '?ngModel',","      link: function link(scope, element, attrs, ngModel) {","        if (!ngModel) return;","","        ngModel.$render = function () {};","","        scope.onNewFiles = onNewFiles;","","        element.bind('change', onNewFiles);","","        scope.$on('$destroy', function () {","          element.unbind('change', onNewFiles);","        });","","        function onNewFiles(e) {","          var element = e.target;","","          return $q.all(slice.call(element.files, 0).map(readFile)).then(function (values) {","            if (element.multiple) {","              ngModel.$setViewValue(values);","            } else {","              ngModel.$setViewValue(values.length ? values[0] : null);","            }","          });","        }","","        function readFile(file) {","          return $q(function (resolve, reject) {","            var reader = new $window.FileReader();","            reader.addEventListener('load', function (e) {","              resolve(e.target.result);","            });","","            reader.addEventListener('error', function (e) {","              reject(e);","            });","","            reader.readAsDataURL(file);","          });","        }","      }","    };","  }","};","","module.exports = exports['default'];"],"l":{"3":1,"7":1,"9":1,"11":1,"12":1,"15":1,"16":1,"18":1,"22":1,"24":1,"26":1,"28":1,"30":1,"31":0,"34":1,"35":1,"37":1,"38":0,"39":0,"41":0,"46":1,"47":1,"48":1,"49":1,"50":0,"53":1,"54":0,"57":1,"65":1}},
"/home/charl/Workspace/WebstormProjects/angular-formly-templates-ionic/src/test.utils.js":{"path":"/home/charl/Workspace/WebstormProjects/angular-formly-templates-ionic/src/test.utils.js","s":{"1":1,"2":1,"3":1,"4":1,"5":1,"6":1,"7":1,"8":1,"9":1,"10":1,"11":0,"12":0,"13":0,"14":0,"15":0,"16":0,"17":0,"18":0,"19":1,"20":0,"21":0,"22":0,"23":0,"24":0,"25":0,"26":0,"27":0,"28":0,"29":1,"30":0,"31":0,"32":0,"33":0,"34":0,"35":0,"36":0,"37":1,"38":1,"39":0,"40":0,"41":0,"42":0,"43":0,"44":1,"45":1},"b":{"1":[0,1],"2":[1,1],"3":[0,0],"4":[0,0],"5":[0,0]},"f":{"1":1,"2":0,"3":0,"4":0,"5":0,"6":0,"7":0,"8":1,"9":0},"fnMap":{"1":{"name":"_interopRequireDefault","line":12,"loc":{"start":{"line":12,"column":0},"end":{"line":12,"column":37}}},"2":{"name":"shouldWarn","line":20,"loc":{"start":{"line":18,"column":0},"end":{"line":18,"column":33}}},"3":{"name":"(anonymous_3)","line":23,"loc":{"start":{"line":21,"column":17},"end":{"line":21,"column":29}}},"4":{"name":"shouldNotWarn","line":32,"loc":{"start":{"line":30,"column":0},"end":{"line":30,"column":29}}},"5":{"name":"(anonymous_5)","line":35,"loc":{"start":{"line":33,"column":17},"end":{"line":33,"column":29}}},"6":{"name":"shouldWarnWithLog","line":46,"loc":{"start":{"line":44,"column":0},"end":{"line":44,"column":48}}},"7":{"name":"(anonymous_7)","line":51,"loc":{"start":{"line":49,"column":36},"end":{"line":49,"column":58}}},"8":{"name":"customEventPolyfill","line":60,"loc":{"start":{"line":58,"column":0},"end":{"line":58,"column":31}}},"9":{"name":"CustomEvent","line":61,"loc":{"start":{"line":59,"column":20},"end":{"line":59,"column":56}}}},"statementMap":{"1":{"start":{"line":4,"column":0},"end":{"line":6,"column":3}},"2":{"start":{"line":7,"column":0},"end":{"line":7,"column":32}},"3":{"start":{"line":8,"column":0},"end":{"line":8,"column":38}},"4":{"start":{"line":9,"column":0},"end":{"line":9,"column":46}},"5":{"start":{"line":10,"column":0},"end":{"line":10,"column":50}},"6":{"start":{"line":12,"column":0},"end":{"line":12,"column":97}},"7":{"start":{"line":12,"column":39},"end":{"line":12,"column":95}},"8":{"start":{"line":14,"column":0},"end":{"line":14,"column":32}},"9":{"start":{"line":16,"column":0},"end":{"line":16,"column":47}},"10":{"start":{"line":18,"column":0},"end":{"line":28,"column":1}},"11":{"start":{"line":19,"column":2},"end":{"line":19,"column":34}},"12":{"start":{"line":20,"column":2},"end":{"line":20,"column":29}},"13":{"start":{"line":21,"column":2},"end":{"line":23,"column":4}},"14":{"start":{"line":22,"column":4},"end":{"line":22,"column":27}},"15":{"start":{"line":24,"column":2},"end":{"line":24,"column":9}},"16":{"start":{"line":25,"column":2},"end":{"line":25,"column":69}},"17":{"start":{"line":26,"column":2},"end":{"line":26,"column":69}},"18":{"start":{"line":27,"column":2},"end":{"line":27,"column":30}},"19":{"start":{"line":30,"column":0},"end":{"line":42,"column":1}},"20":{"start":{"line":31,"column":2},"end":{"line":31,"column":34}},"21":{"start":{"line":32,"column":2},"end":{"line":32,"column":29}},"22":{"start":{"line":33,"column":2},"end":{"line":35,"column":4}},"23":{"start":{"line":34,"column":4},"end":{"line":34,"column":27}},"24":{"start":{"line":36,"column":2},"end":{"line":36,"column":9}},"25":{"start":{"line":37,"column":2},"end":{"line":40,"column":3}},"26":{"start":{"line":38,"column":4},"end":{"line":38,"column":28}},"27":{"start":{"line":39,"column":4},"end":{"line":39,"column":74}},"28":{"start":{"line":41,"column":2},"end":{"line":41,"column":30}},"29":{"start":{"line":44,"column":0},"end":{"line":56,"column":1}},"30":{"start":{"line":46,"column":2},"end":{"line":46,"column":9}},"31":{"start":{"line":47,"column":2},"end":{"line":47,"column":85}},"32":{"start":{"line":48,"column":2},"end":{"line":48,"column":30}},"33":{"start":{"line":49,"column":2},"end":{"line":55,"column":5}},"34":{"start":{"line":50,"column":4},"end":{"line":54,"column":5}},"35":{"start":{"line":51,"column":6},"end":{"line":51,"column":39}},"36":{"start":{"line":53,"column":6},"end":{"line":53,"column":39}},"37":{"start":{"line":58,"column":0},"end":{"line":74,"column":1}},"38":{"start":{"line":59,"column":2},"end":{"line":69,"column":4}},"39":{"start":{"line":60,"column":4},"end":{"line":60,"column":12}},"40":{"start":{"line":61,"column":4},"end":{"line":65,"column":6}},"41":{"start":{"line":66,"column":4},"end":{"line":66,"column":46}},"42":{"start":{"line":67,"column":4},"end":{"line":67,"column":81}},"43":{"start":{"line":68,"column":4},"end":{"line":68,"column":15}},"44":{"start":{"line":71,"column":2},"end":{"line":71,"column":49}},"45":{"start":{"line":73,"column":2},"end":{"line":73,"column":35}}},"branchMap":{"1":{"line":13,"type":"cond-expr","locations":[{"start":{"line":12,"column":70},"end":{"line":12,"column":73}},{"start":{"line":12,"column":76},"end":{"line":12,"column":94}}]},"2":{"line":13,"type":"binary-expr","locations":[{"start":{"line":12,"column":46},"end":{"line":12,"column":49}},{"start":{"line":12,"column":53},"end":{"line":12,"column":67}}]},"3":{"line":39,"type":"if","locations":[{"start":{"line":37,"column":2},"end":{"line":37,"column":2}},{"start":{"line":37,"column":2},"end":{"line":37,"column":2}}]},"4":{"line":52,"type":"if","locations":[{"start":{"line":50,"column":4},"end":{"line":50,"column":4}},{"start":{"line":50,"column":4},"end":{"line":50,"column":4}}]},"5":{"line":63,"type":"binary-expr","locations":[{"start":{"line":61,"column":13},"end":{"line":61,"column":19}},{"start":{"line":61,"column":23},"end":{"line":65,"column":5}}]}},"code":["/* eslint no-console:0 */","'use strict';","","Object.defineProperty(exports, '__esModule', {","  value: true","});","exports.shouldWarn = shouldWarn;","exports.shouldNotWarn = shouldNotWarn;","exports.shouldWarnWithLog = shouldWarnWithLog;","exports.customEventPolyfill = customEventPolyfill;","","function _interopRequireDefault(obj) { return obj && obj.__esModule ? obj : { 'default': obj }; }","","var _lodash = require('lodash');","","var _lodash2 = _interopRequireDefault(_lodash);","","function shouldWarn(match, test) {","  var originalWarn = console.warn;","  var calledArgs = undefined;","  console.warn = function () {","    calledArgs = arguments;","  };","  test();","  expect(calledArgs, 'expected warning and there was none').to.exist;","  expect(Array.prototype.join.call(calledArgs, ' ')).to.match(match);","  console.warn = originalWarn;","}","","function shouldNotWarn(test) {","  var originalWarn = console.warn;","  var calledArgs = undefined;","  console.warn = function () {","    calledArgs = arguments;","  };","  test();","  if (calledArgs) {","    console.log(calledArgs);","    throw new Error('Expected no warning, but there was one', calledArgs);","  }","  console.warn = originalWarn;","}","","function shouldWarnWithLog($log, logArgs, test) {","  /* eslint no-console:0 */","  test();","  expect($log.warn.logs, '$log should have only been called once').to.have.length(1);","  var log = $log.warn.logs[0];","  _lodash2['default'].each(logArgs, function (arg, index) {","    if (_lodash2['default'].isRegExp(arg)) {","      expect(log[index]).to.match(arg);","    } else {","      expect(log[index]).to.equal(arg);","    }","  });","}","","function customEventPolyfill() {","  var CustomEvent = function CustomEvent(event, params) {","    var evt;","    params = params || {","      bubbles: false,","      cancelable: false,","      detail: undefined","    };","    evt = document.createEvent(\"CustomEvent\");","    evt.initCustomEvent(event, params.bubbles, params.cancelable, params.detail);","    return evt;","  };","","  CustomEvent.prototype = window.Event.prototype;","","  window.CustomEvent = CustomEvent;","}"],"l":{"4":1,"7":1,"8":1,"9":1,"10":1,"12":1,"14":1,"16":1,"18":1,"19":0,"20":0,"21":0,"22":0,"24":0,"25":0,"26":0,"27":0,"30":1,"31":0,"32":0,"33":0,"34":0,"36":0,"37":0,"38":0,"39":0,"41":0,"44":1,"46":0,"47":0,"48":0,"49":0,"50":0,"51":0,"53":0,"58":1,"59":1,"60":0,"61":0,"66":0,"67":0,"68":0,"71":1,"73":1}}}
