TN:
SF:/home/charl/Workspace/WebstormProjects/angular-formly-templates-ionic/src/index.js
FN:7,_interopRequireDefault
FN:36,(anonymous_2)
FN:40,(anonymous_3)
FN:44,(anonymous_4)
FN:48,requireAll
FNF:5
FNH:5
FNDA:2,_interopRequireDefault
FNDA:1,(anonymous_2)
FNDA:8,(anonymous_3)
FNDA:1,(anonymous_4)
FNDA:3,requireAll
DA:3,1
DA:7,2
DA:9,1
DA:11,1
DA:13,1
DA:15,1
DA:17,1
DA:19,1
DA:23,1
DA:24,1
DA:26,1
DA:32,1
DA:34,1
DA:35,1
DA:38,1
DA:39,8
DA:42,1
DA:43,1
DA:46,1
DA:47,3
DA:50,1
DA:51,1
LF:22
LH:22
BRDA:8,1,0,0
BRDA:8,1,1,2
BRDA:8,2,0,2
BRDA:8,2,1,2
BRF:4
BRH:3
end_of_record
TN:
SF:/home/charl/Workspace/WebstormProjects/angular-formly-templates-ionic/src/angular-fix/index.js
FNF:0
FNH:0
DA:5,1
DA:6,1
DA:7,0
DA:9,1
LF:4
LH:3
BRDA:6,1,0,0
BRDA:6,1,1,1
BRF:2
BRH:1
end_of_record
TN:
SF:/home/charl/Workspace/WebstormProjects/angular-formly-templates-ionic/src/wrappers/ionInput.js
FN:7,(anonymous_1)
FN:12,addWrappers
FN:16,apiCheck
FNF:3
FNH:2
FNDA:1,(anonymous_1)
FNDA:1,addWrappers
FNDA:0,apiCheck
DA:3,1
DA:7,1
DA:8,1
DA:10,1
DA:12,1
DA:13,1
DA:17,0
DA:29,1
LF:8
LH:7
BRF:0
BRH:0
end_of_record
TN:
SF:/home/charl/Workspace/WebstormProjects/angular-formly-templates-ionic/src/types/checkbox.js
FN:7,(anonymous_1)
FN:12,addCheckboxType
FN:17,apiCheck
FNF:3
FNH:2
FNDA:1,(anonymous_1)
FNDA:1,addCheckboxType
FNDA:0,apiCheck
DA:3,1
DA:7,1
DA:8,1
DA:10,1
DA:12,1
DA:13,1
DA:18,0
DA:29,1
LF:8
LH:7
BRF:0
BRH:0
end_of_record
TN:
SF:/home/charl/Workspace/WebstormProjects/angular-formly-templates-ionic/src/types/file.js
FN:7,(anonymous_1)
FN:12,addFileType
FN:17,apiCheck
FNF:3
FNH:2
FNDA:1,(anonymous_1)
FNDA:1,addFileType
FNDA:0,apiCheck
DA:3,1
DA:7,1
DA:8,1
DA:10,1
DA:12,1
DA:13,1
DA:18,0
DA:28,1
LF:8
LH:7
BRF:0
BRH:0
end_of_record
TN:
SF:/home/charl/Workspace/WebstormProjects/angular-formly-templates-ionic/src/types/input.js
FN:7,(anonymous_1)
FN:12,addInputType
FN:17,apiCheck
FNF:3
FNH:2
FNDA:1,(anonymous_1)
FNDA:1,addInputType
FNDA:0,apiCheck
DA:3,1
DA:7,1
DA:8,1
DA:10,1
DA:12,1
DA:13,1
DA:18,0
DA:28,1
LF:8
LH:7
BRF:0
BRH:0
end_of_record
TN:
SF:/home/charl/Workspace/WebstormProjects/angular-formly-templates-ionic/src/types/multiCheckbox.js
FN:7,_interopRequireDefault
FN:15,(anonymous_2)
FN:20,addCheckboxType
FN:25,apiCheck
FN:34,controller
FN:43,modelWatcher
FN:50,optionsWatcher
FN:61,checkValidity
FN:71,setModel
FN:73,(anonymous_10)
FN:85,(anonymous_11)
FN:87,(anonymous_12)
FN:93,(anonymous_13)
FN:94,(anonymous_14)
FNF:14
FNH:3
FNDA:1,_interopRequireDefault
FNDA:1,(anonymous_2)
FNDA:1,addCheckboxType
FNDA:0,apiCheck
FNDA:0,controller
FNDA:0,modelWatcher
FNDA:0,optionsWatcher
FNDA:0,checkValidity
FNDA:0,setModel
FNDA:0,(anonymous_10)
FNDA:0,(anonymous_11)
FNDA:0,(anonymous_12)
FNDA:0,(anonymous_13)
FNDA:0,(anonymous_14)
DA:3,1
DA:7,1
DA:9,1
DA:11,1
DA:13,1
DA:14,1
DA:16,1
DA:18,1
DA:19,1
DA:24,0
DA:33,0
DA:34,0
DA:35,0
DA:38,0
DA:42,0
DA:45,0
DA:46,0
DA:48,0
DA:49,0
DA:50,0
DA:51,0
DA:52,0
DA:59,1
DA:60,0
DA:62,0
DA:63,0
DA:65,0
DA:69,1
DA:70,0
DA:71,0
DA:72,0
DA:73,0
DA:75,0
DA:79,0
DA:82,0
DA:83,0
DA:84,0
DA:86,0
DA:90,0
DA:91,0
DA:92,0
DA:93,0
DA:94,0
DA:96,0
DA:97,0
DA:106,1
LF:46
LH:12
BRDA:8,1,0,0
BRDA:8,1,1,1
BRDA:8,2,0,1
BRDA:8,2,1,1
BRDA:47,3,0,0
BRDA:47,3,1,0
BRDA:51,4,0,0
BRDA:51,4,1,0
BRDA:51,5,0,0
BRDA:51,5,1,0
BRDA:51,5,2,0
BRDA:52,6,0,0
BRDA:52,6,1,0
BRDA:64,7,0,0
BRDA:64,7,1,0
BRDA:65,8,0,0
BRDA:65,8,1,0
BRDA:65,8,2,0
BRDA:74,9,0,0
BRDA:74,9,1,0
BRDA:75,10,0,0
BRDA:75,10,1,0
BRDA:84,11,0,0
BRDA:84,11,1,0
BRDA:84,12,0,0
BRDA:84,12,1,0
BRDA:92,13,0,0
BRDA:92,13,1,0
BRDA:95,14,0,0
BRDA:95,14,1,0
BRF:30
BRH:3
end_of_record
TN:
SF:/home/charl/Workspace/WebstormProjects/angular-formly-templates-ionic/src/types/radio.js
FN:7,(anonymous_1)
FN:12,addRadioType
FN:17,apiCheck
FNF:3
FNH:2
FNDA:1,(anonymous_1)
FNDA:1,addRadioType
FNDA:0,apiCheck
DA:3,1
DA:7,1
DA:8,1
DA:10,1
DA:12,1
DA:13,1
DA:18,0
DA:31,1
LF:8
LH:7
BRF:0
BRH:0
end_of_record
TN:
SF:/home/charl/Workspace/WebstormProjects/angular-formly-templates-ionic/src/types/range.js
FN:7,(anonymous_1)
FN:12,addInputType
FN:17,apiCheck
FNF:3
FNH:2
FNDA:1,(anonymous_1)
FNDA:1,addInputType
FNDA:0,apiCheck
DA:3,1
DA:7,1
DA:8,1
DA:10,1
DA:12,1
DA:13,1
DA:18,0
DA:29,1
LF:8
LH:7
BRF:0
BRH:0
end_of_record
TN:
SF:/home/charl/Workspace/WebstormProjects/angular-formly-templates-ionic/src/types/textarea.js
FN:7,(anonymous_1)
FN:12,addTextareaType
FN:22,apiCheck
FNF:3
FNH:2
FNDA:1,(anonymous_1)
FNDA:1,addTextareaType
FNDA:0,apiCheck
DA:3,1
DA:7,1
DA:8,1
DA:10,1
DA:12,1
DA:13,1
DA:23,0
DA:34,1
LF:8
LH:7
BRF:0
BRH:0
end_of_record
TN:
SF:/home/charl/Workspace/WebstormProjects/angular-formly-templates-ionic/src/types/toggle.js
FN:7,(anonymous_1)
FN:12,addRadioType
FN:19,apiCheck
FNF:3
FNH:2
FNDA:1,(anonymous_1)
FNDA:1,addRadioType
FNDA:0,apiCheck
DA:3,1
DA:7,1
DA:8,1
DA:10,1
DA:12,1
DA:13,1
DA:20,0
DA:31,1
LF:8
LH:7
BRF:0
BRH:0
end_of_record
TN:
SF:/home/charl/Workspace/WebstormProjects/angular-formly-templates-ionic/src/directives/fileReader.js
FN:7,(anonymous_1)
FN:15,fileReaderDirective
FN:21,link
FN:24,(anonymous_4)
FN:30,(anonymous_5)
FN:34,onNewFiles
FN:37,(anonymous_7)
FN:46,readFile
FN:47,(anonymous_9)
FN:49,(anonymous_10)
FN:53,(anonymous_11)
FNF:11
FNH:7
FNDA:1,(anonymous_1)
FNDA:1,fileReaderDirective
FNDA:1,link
FNDA:1,(anonymous_4)
FNDA:0,(anonymous_5)
FNDA:1,onNewFiles
FNDA:0,(anonymous_7)
FNDA:1,readFile
FNDA:1,(anonymous_9)
FNDA:0,(anonymous_10)
FNDA:0,(anonymous_11)
DA:3,1
DA:7,1
DA:9,1
DA:11,1
DA:12,1
DA:15,1
DA:16,1
DA:18,1
DA:22,1
DA:24,1
DA:26,1
DA:28,1
DA:30,1
DA:31,0
DA:34,1
DA:35,1
DA:37,1
DA:38,0
DA:39,0
DA:41,0
DA:46,1
DA:47,1
DA:48,1
DA:49,1
DA:50,0
DA:53,1
DA:54,0
DA:57,1
DA:65,1
LF:29
LH:23
BRDA:11,1,0,1
BRDA:11,1,1,0
BRDA:22,2,0,0
BRDA:22,2,1,1
BRDA:38,3,0,0
BRDA:38,3,1,0
BRDA:41,4,0,0
BRDA:41,4,1,0
BRF:8
BRH:2
end_of_record
TN:
SF:/home/charl/Workspace/WebstormProjects/angular-formly-templates-ionic/src/test.utils.js
FN:12,_interopRequireDefault
FN:20,shouldWarn
FN:23,(anonymous_3)
FN:32,shouldNotWarn
FN:35,(anonymous_5)
FN:46,shouldWarnWithLog
FN:51,(anonymous_7)
FN:60,customEventPolyfill
FN:61,CustomEvent
FNF:9
FNH:2
FNDA:1,_interopRequireDefault
FNDA:0,shouldWarn
FNDA:0,(anonymous_3)
FNDA:0,shouldNotWarn
FNDA:0,(anonymous_5)
FNDA:0,shouldWarnWithLog
FNDA:0,(anonymous_7)
FNDA:1,customEventPolyfill
FNDA:0,CustomEvent
DA:4,1
DA:7,1
DA:8,1
DA:9,1
DA:10,1
DA:12,1
DA:14,1
DA:16,1
DA:18,1
DA:19,0
DA:20,0
DA:21,0
DA:22,0
DA:24,0
DA:25,0
DA:26,0
DA:27,0
DA:30,1
DA:31,0
DA:32,0
DA:33,0
DA:34,0
DA:36,0
DA:37,0
DA:38,0
DA:39,0
DA:41,0
DA:44,1
DA:46,0
DA:47,0
DA:48,0
DA:49,0
DA:50,0
DA:51,0
DA:53,0
DA:58,1
DA:59,1
DA:60,0
DA:61,0
DA:66,0
DA:67,0
DA:68,0
DA:71,1
DA:73,1
LF:44
LH:15
BRDA:13,1,0,0
BRDA:13,1,1,1
BRDA:13,2,0,1
BRDA:13,2,1,1
BRDA:39,3,0,0
BRDA:39,3,1,0
BRDA:52,4,0,0
BRDA:52,4,1,0
BRDA:63,5,0,0
BRDA:63,5,1,0
BRF:10
BRH:3
end_of_record
